<?xml version="1.0" encoding="UTF-8"?>
<testsuite name="testlaptops.Find_In_YandexMarket_Laptop_By_Price_and_Trade_Mark_Test" time="157.468" tests="4" errors="0" skipped="0" failures="2">
  <properties>
[...]
</properties>
  <testcase name="count_of_HP_and_Lenovo_laptops_which_are_cheaper_than_30000_must_be_10[0]" classname="testlaptops.Find_In_YandexMarket_Laptop_By_Price_and_Trade_Mark_Test" time="67.275">
    <failure message="Count of laptops ([Ljava.lang.String;@355493bf and price between , 30000) in result tests isn&apos;t 10. Results: 12 expected:&lt;12&gt; but was:&lt;10&gt;" type="java.lang.AssertionError"><![CDATA[java.lang.AssertionError: Count of laptops ([Ljava.lang.String;@355493bf and price between , 30000) in result tests isn't 10. Results: 12 expected:<12> but was:<10>
	at org.junit.Assert.fail(Assert.java:88)
	at org.junit.Assert.failNotEquals(Assert.java:743)
	at org.junit.Assert.assertEquals(Assert.java:118)
	at org.junit.Assert.assertEquals(Assert.java:555)
	at testlaptops.Find_In_YandexMarket_Laptop_By_Price_and_Trade_Mark_Test.count_of_HP_and_Lenovo_laptops_which_are_cheaper_than_30000_must_be_10(Find_In_YandexMarket_Laptop_By_Price_and_Trade_Mark_Test.java:100)
]]></failure>
    <system-err><![CDATA[1499374912324	geckodriver	INFO	Listening on 127.0.0.1:8531
1499374914924	geckodriver::marionette	INFO	Starting browser C:\Program Files (x86)\Mozilla Firefox\firefox.exe with args ["-marionette"]
1499374920264	Marionette	INFO	Listening on port 20108
1499374923387	Marionette	INFO	startBrowser 8fe2e30d-9b17-4671-ba43-2bfdceb1a620
��� 07, 2017 1:02:04 AM org.openqa.selenium.remote.ProtocolHandshake createSession
INFO: Detected dialect: W3C
JavaScript error: https://market.yandex.ru/?clid=505&utm_source=face_abovesearch&utm_campaign=face_abovesearch, line 21: ReferenceError: $ is not defined
JavaScript error: https://market.yandex.ru/catalog/54544/list?hid=91013&track=fr_ctlg, line 21: ReferenceError: $ is not defined
JavaScript error: https://yastatic.net/market-skubi/_/rPQnjXBwq-Z-dS9Jce3IYq6K_SQ.js, line 1: ReferenceError: $ is not defined
JavaScript error: https://yastatic.net/market-skubi/_/nk-yTjC_ErTuoijhNoQkS8-41Cg.js, line 1: ReferenceError: BEM is not defined
JavaScript error: https://yastatic.net/market-skubi/_/rPQnjXBwq-Z-dS9Jce3IYq6K_SQ.js, line 1: r: Cant find module "config" . Add the path in "require.path" or define a module via the "require.define".
JavaScript error: https://yastatic.net/market-skubi/_/rPQnjXBwq-Z-dS9Jce3IYq6K_SQ.js, line 1: r: Cant find module "Teleport" . Add the path in "require.path" or define a module via the "require.define".
JavaScript error: https://yastatic.net/market-skubi/_/rPQnjXBwq-Z-dS9Jce3IYq6K_SQ.js, line 1: r: Cant find module "metrika" . Add the path in "require.path" or define a module via the "require.define".
JavaScript error: https://yastatic.net/market-skubi/_/rPQnjXBwq-Z-dS9Jce3IYq6K_SQ.js, line 1: r: Cant find module "Ecommerce" . Add the path in "require.path" or define a module via the "require.define".
JavaScript error: https://yastatic.net/market-skubi/_/rPQnjXBwq-Z-dS9Jce3IYq6K_SQ.js, line 1: r: Cant find module "page" . Add the path in "require.path" or define a module via the "require.define".
JavaScript error: https://yastatic.net/market-skubi/_/rPQnjXBwq-Z-dS9Jce3IYq6K_SQ.js, line 1: r: Cant find module "Response" . Add the path in "require.path" or define a module via the "require.define".
JavaScript error: https://yastatic.net/market-skubi/_/rPQnjXBwq-Z-dS9Jce3IYq6K_SQ.js, line 1: r: Cant find module "cart" . Add the path in "require.path" or define a module via the "require.define".
JavaScript error: https://market.yandex.ru/catalog/54544/list?hid=91013&track=fr_ctlg, line 70: ReferenceError: $ is not defined
JavaScript error: https://yastatic.net/market-skubi/_/rPQnjXBwq-Z-dS9Jce3IYq6K_SQ.js, line 30: Error: Unacceptable overhead for "all-filters_click": 85ms.
]]></system-err>
  </testcase>
  <testcase name="checking_global_searching_works_fine_for_laptops[0]" classname="testlaptops.Find_In_YandexMarket_Laptop_By_Price_and_Trade_Mark_Test" time="12.892"/>
  <testcase name="count_of_HP_and_Lenovo_laptops_which_are_cheaper_than_30000_must_be_10[1]" classname="testlaptops.Find_In_YandexMarket_Laptop_By_Price_and_Trade_Mark_Test" time="68.822">
    <failure message="Count of laptops ([Ljava.lang.String;@3f033664 and price between 20000, 25000) in result tests isn&apos;t 10. Results: 12 expected:&lt;12&gt; but was:&lt;10&gt;" type="java.lang.AssertionError"><![CDATA[java.lang.AssertionError: Count of laptops ([Ljava.lang.String;@3f033664 and price between 20000, 25000) in result tests isn't 10. Results: 12 expected:<12> but was:<10>
	at org.junit.Assert.fail(Assert.java:88)
	at org.junit.Assert.failNotEquals(Assert.java:743)
	at org.junit.Assert.assertEquals(Assert.java:118)
	at org.junit.Assert.assertEquals(Assert.java:555)
	at testlaptops.Find_In_YandexMarket_Laptop_By_Price_and_Trade_Mark_Test.count_of_HP_and_Lenovo_laptops_which_are_cheaper_than_30000_must_be_10(Find_In_YandexMarket_Laptop_By_Price_and_Trade_Mark_Test.java:100)
]]></failure>
    <system-err>JavaScript error: https://yastatic.net/market-skubi/_/rPQnjXBwq-Z-dS9Jce3IYq6K_SQ.js, line 30: Error: Unacceptable overhead for "all-filters_click": 56ms.
</system-err>
  </testcase>
  <testcase name="checking_global_searching_works_fine_for_laptops[1]" classname="testlaptops.Find_In_YandexMarket_Laptop_By_Price_and_Trade_Mark_Test" time="8.479"/>
</testsuite>